<?xml version="1.0" encoding="UTF-8"?>
<!-- Generated by org.testng.reporters.JUnitReportReporter -->
<testsuite skipped="0" hostname="welcome-PC" name="com.qa.barcode.BarCodeTest" tests="1" failures="0" timestamp="29 Jun 2019 18:13:56 GMT" time="33.448" errors="0">
  <testcase name="barCodeTest" time="33.448" classname="com.qa.barcode.BarCodeTest"/>
</testsuite> <!-- com.qa.barcode.BarCodeTest -->
